batch_size = 100
bias = True
clear_checkpoint = False
clip_grad = 0
cuda = -1
device = cpu
dtype = float64
lr = 0.2
max_step = 1000
n_in = 303
n_out = 2
net_depth = 6
net_width = (100, 100, 100, 20)
no_stdout = False
optimizer = adam
out_dir = out
out_filename = out/MLP_nd6_nw-100-100-100-20_bias/out
out_infix = 
print_step = 5
save_step = 100
seed = 11672348
tolerance = 0.002

MLP(
  (net): Sequential(
    (0): Linear(in_features=303, out_features=100, bias=True)
    (1): ReLU()
    (2): Linear(in_features=100, out_features=100, bias=True)
    (3): ReLU()
    (4): Linear(in_features=100, out_features=100, bias=True)
    (5): ReLU()
    (6): Linear(in_features=100, out_features=20, bias=True)
    (7): ReLU()
    (8): Linear(in_features=20, out_features=2, bias=True)
  )
)

Total number of trainable parameters: 52662
init_time = 0.000
Training...
step = 0, loss = 8.6860933, r2_train = -0.02554115, r2_test = -0.025384976, train_time = 5.446, used_time = 5.447
step = 5, loss = 0.062953792, r2_train = 0.93629745, r2_test = 0.93739309, train_time = 5.654, used_time = 34.105
step = 10, loss = 0.019059492, r2_train = 0.98330364, r2_test = 0.98350521, train_time = 5.722, used_time = 63.178
step = 15, loss = 0.01409527, r2_train = 0.99187132, r2_test = 0.9922222, train_time = 5.718, used_time = 92.222
step = 20, loss = 0.01186704, r2_train = 0.98857086, r2_test = 0.98854713, train_time = 5.780, used_time = 121.571
step = 25, loss = 0.010697902, r2_train = 0.99465978, r2_test = 0.99469029, train_time = 5.810, used_time = 151.075
step = 30, loss = 0.009946706, r2_train = 0.99591847, r2_test = 0.99608019, train_time = 5.747, used_time = 180.271
step = 35, loss = 0.0091589582, r2_train = 0.99569891, r2_test = 0.99546067, train_time = 5.658, used_time = 209.025
step = 40, loss = 0.0086532714, r2_train = 0.9967862, r2_test = 0.99683603, train_time = 6.110, used_time = 240.055
step = 45, loss = 0.0083432417, r2_train = 0.996535, r2_test = 0.99666994, train_time = 5.742, used_time = 269.243
step = 50, loss = 0.0081622761, r2_train = 0.99662663, r2_test = 0.9967243, train_time = 5.851, used_time = 298.985
step = 55, loss = 0.0079746211, r2_train = 0.99655921, r2_test = 0.99635415, train_time = 5.777, used_time = 328.325
step = 60, loss = 0.0077073076, r2_train = 0.99625198, r2_test = 0.99630418, train_time = 5.841, used_time = 357.993
step = 65, loss = 0.0075099566, r2_train = 0.99588881, r2_test = 0.99591892, train_time = 5.653, used_time = 386.698
step = 70, loss = 0.0074350575, r2_train = 0.99706324, r2_test = 0.99703063, train_time = 5.966, used_time = 416.979
step = 75, loss = 0.0073299228, r2_train = 0.99700216, r2_test = 0.99694495, train_time = 5.464, used_time = 444.767
step = 80, loss = 0.0072291887, r2_train = 0.99704341, r2_test = 0.9969904, train_time = 5.063, used_time = 470.513
step = 85, loss = 0.0072168004, r2_train = 0.99713892, r2_test = 0.99706935, train_time = 4.905, used_time = 495.461
step = 90, loss = 0.0071117507, r2_train = 0.99714331, r2_test = 0.99703977, train_time = 4.973, used_time = 520.758
step = 95, loss = 0.0070725561, r2_train = 0.99709441, r2_test = 0.99698233, train_time = 4.990, used_time = 546.114
step = 100, loss = 0.0070070956, r2_train = 0.99725987, r2_test = 0.99720414, train_time = 4.978, used_time = 571.468
step = 105, loss = 0.0069073498, r2_train = 0.997086, r2_test = 0.99688914, train_time = 5.123, used_time = 597.519
step = 110, loss = 0.0068763649, r2_train = 0.99575574, r2_test = 0.99570694, train_time = 5.263, used_time = 624.268
step = 115, loss = 0.0068217395, r2_train = 0.99736479, r2_test = 0.99727261, train_time = 8.762, used_time = 668.532
step = 120, loss = 0.0067496516, r2_train = 0.99721348, r2_test = 0.99712185, train_time = 7.754, used_time = 707.956
step = 125, loss = 0.0067152974, r2_train = 0.99741536, r2_test = 0.99735507, train_time = 7.677, used_time = 746.912
step = 130, loss = 0.0066539247, r2_train = 0.99739328, r2_test = 0.99733398, train_time = 7.810, used_time = 786.495
step = 135, loss = 0.0065783062, r2_train = 0.9974785, r2_test = 0.99743485, train_time = 6.861, used_time = 821.362
step = 140, loss = 0.0065389811, r2_train = 0.99745125, r2_test = 0.99739051, train_time = 7.336, used_time = 858.556
step = 145, loss = 0.0064774339, r2_train = 0.99756714, r2_test = 0.99748935, train_time = 6.739, used_time = 892.890
