batch_size = 1000
bias = True
clear_checkpoint = False
clip_grad = 0
cuda = -1
device = cpu
dtype = float64
lr = 0.0005
max_step = 1000
n_in = 102
n_out = 1
net_depth = 8
net_width = (200, 100, 60, 40, 40, 40)
no_stdout = False
optimizer = adam
out_dir = out
out_filename = out/MLP_nd8_nw-200-100-60-40-40-40_bias/out
out_infix = 
print_step = 5
save_step = 100
seed = 49133084
tolerance = 0.001

MLP(
  (net): Sequential(
    (0): Linear(in_features=102, out_features=200, bias=True)
    (1): Linear(in_features=200, out_features=100, bias=True)
    (2): ReLU()
    (3): Linear(in_features=100, out_features=60, bias=True)
    (4): ReLU()
    (5): Linear(in_features=60, out_features=40, bias=True)
    (6): ReLU()
    (7): Linear(in_features=40, out_features=40, bias=True)
    (8): ReLU()
    (9): Linear(in_features=40, out_features=40, bias=True)
    (10): ReLU()
    (11): Linear(in_features=40, out_features=1, bias=True)
  )
)

Total number of trainable parameters: 52521
init_time = 0.000
Training...
step = 0, loss = 0.21483118, r2_train = 0.26092217, r2_test = 0.26438019, train_time = 1.233, used_time = 1.234
step = 5, loss = 0.0025783589, r2_train = 0.98983114, r2_test = 0.98914749, train_time = 1.312, used_time = 8.016
step = 10, loss = 0.00076861524, r2_train = 0.99448398, r2_test = 0.99425816, train_time = 1.314, used_time = 14.880
step = 15, loss = 0.00017319334, r2_train = 0.99917723, r2_test = 0.99907199, train_time = 1.397, used_time = 22.158

Checkpoint found: 15

batch_size = 1000
bias = True
clear_checkpoint = False
clip_grad = 0
cuda = -1
device = cpu
dtype = float64
lr = 0.0005
max_step = 1000
n_in = 102
n_out = 1
net_depth = 8
net_width = (200, 100, 60, 40, 40, 40)
no_stdout = False
optimizer = adam
out_dir = out
out_filename = out/MLP_nd8_nw-200-100-60-40-40-40_bias/out
out_infix = 
print_step = 5
save_step = 100
seed = 49133084
tolerance = 0.001

MLP(
  (net): Sequential(
    (0): Linear(in_features=102, out_features=200, bias=True)
    (1): Linear(in_features=200, out_features=100, bias=True)
    (2): ReLU()
    (3): Linear(in_features=100, out_features=60, bias=True)
    (4): ReLU()
    (5): Linear(in_features=60, out_features=40, bias=True)
    (6): ReLU()
    (7): Linear(in_features=40, out_features=40, bias=True)
    (8): ReLU()
    (9): Linear(in_features=40, out_features=40, bias=True)
    (10): ReLU()
    (11): Linear(in_features=40, out_features=1, bias=True)
  )
)

Total number of trainable parameters: 52521
init_time = 0.000
Training...
step = 20, loss = 0.0006139295, r2_train = 0.99785348, r2_test = 0.99796757, train_time = 5.963, used_time = 29.817
step = 25, loss = 0.00033732537, r2_train = 0.99586494, r2_test = 0.99612761, train_time = 5.837, used_time = 59.918
step = 30, loss = 0.00037507028, r2_train = 0.99889903, r2_test = 0.99902104, train_time = 5.673, used_time = 89.395
step = 35, loss = 0.00028474533, r2_train = 0.99732248, r2_test = 0.99745069, train_time = 5.798, used_time = 119.476
step = 40, loss = 0.00053135379, r2_train = 0.9982045, r2_test = 0.99840805, train_time = 5.670, used_time = 148.954
step = 45, loss = 0.00031282595, r2_train = 0.99771394, r2_test = 0.99784526, train_time = 5.721, used_time = 178.689
step = 50, loss = 0.00028054104, r2_train = 0.99867907, r2_test = 0.99882, train_time = 5.696, used_time = 208.304
step = 55, loss = 0.00023265736, r2_train = 0.99774318, r2_test = 0.99798762, train_time = 5.753, used_time = 238.197
step = 60, loss = 0.00024708198, r2_train = 0.9974651, r2_test = 0.99769778, train_time = 5.752, used_time = 268.103
step = 65, loss = 0.00028146082, r2_train = 0.99870614, r2_test = 0.99886547, train_time = 5.729, used_time = 297.886
step = 70, loss = 0.00041499572, r2_train = 0.99901126, r2_test = 0.99912932, train_time = 5.708, used_time = 327.546
